<?xml version="1.0" encoding="UTF-8"?>
<!-- Generated by org.testng.reporters.JUnitXMLReporter -->
<testsuite hostname="NODE380" name="mavenTest" tests="2" failures="1" timestamp="23 Aug 2016 07:59:12 GMT" time="0.026" errors="0">
  <testcase name="t1" time="0.007" classname="com.a.b.CTest"/>
  <testcase name="t2" time="0.001" classname="com.a.b.CTest">
    <failure type="java.lang.AssertionError" message=" expected [true] but found [false]">
      <![CDATA[java.lang.AssertionError:  expected [true] but found [false]
	at com.a.b.CTest.t2(CTest.java:18)
... Removed 30 stack frames]]>
    </failure>
  </testcase> <!-- t2 -->
</testsuite> <!-- mavenTest -->
